[+] Containers:
 |- [+] Container: /Game/Maps/PrototypeMap
 |   |- [+] ActorDescs:
 |   |   |- Guid:7CC8066F4F3E9C450716009F2E0A82E8 BaseClass: NativeClass:/Script/Landscape.LandscapeStreamingProxy Name:LandscapeStreamingProxy_EN0S3C04TQR31FB2WTQTUHRLT_126_1_1_0 Label:LandscapeStreamingProxy_1_1_0 SpatiallyLoaded:1 Bounds:IsValid=true, Min=(X=-9400.000 Y=0.000 Z=0.000), Max=(X=3200.000 Y=12600.000 Z=200.000) RuntimeGrid:None EditorOnly:0 RuntimeOnly:0 HLODRelevant:1 ListedInSceneOutliner:1 IsMainWorldOnly:0
 |   |   |- Guid:8BE44D6944B75ABE3962D9B9A50E6713 BaseClass: NativeClass:/Script/Landscape.Landscape Name:Landscape_UAID_1C1B0D03504764BB01_1505174233 Label:Landscape SpatiallyLoaded:0 Bounds:IsValid=true, Min=(X=-22000.000 Y=-12600.000 Z=100.000), Max=(X=-22000.000 Y=-12600.000 Z=100.000) RuntimeGrid:None EditorOnly:0 RuntimeOnly:0 HLODRelevant:0 ListedInSceneOutliner:1 IsMainWorldOnly:0
 |   |   |- Guid:988ABEA74BDDB230E33230AF1758CA01 BaseClass: NativeClass:/Script/Landscape.LandscapeStreamingProxy Name:LandscapeStreamingProxy_EN0S3C04TQR31FB2WTQTUHRLT_126_3_1_0 Label:LandscapeStreamingProxy_3_1_0 SpatiallyLoaded:1 Bounds:IsValid=true, Min=(X=15800.000 Y=0.000 Z=0.000), Max=(X=22100.000 Y=12600.000 Z=200.000) RuntimeGrid:None EditorOnly:0 RuntimeOnly:0 HLODRelevant:1 ListedInSceneOutliner:1 IsMainWorldOnly:0
 |   |   |- Guid:A79B91854102EC41E5DCA4B453ADA658 BaseClass: NativeClass:/Script/Engine.DirectionalLight Name:DirectionalLight_UAID_1C1B0D03504764BB01_1732030234 Label:DirectionalLight SpatiallyLoaded:0 Bounds:IsValid=true, Min=(X=-4398046511104.000 Y=-4398046511104.000 Z=-4398046511104.000), Max=(X=4398046511104.000 Y=4398046511104.000 Z=4398046511104.000) RuntimeGrid:None EditorOnly:0 RuntimeOnly:0 HLODRelevant:0 ListedInSceneOutliner:1 IsMainWorldOnly:0
 |   |   |- Guid:D267C6704C32CBDF5CAA81BA0D40388A BaseClass: NativeClass:/Script/Landscape.LandscapeStreamingProxy Name:LandscapeStreamingProxy_EN0S3C04TQR31FB2WTQTUHRLT_126_3_0_0 Label:LandscapeStreamingProxy_3_0_0 SpatiallyLoaded:1 Bounds:IsValid=true, Min=(X=15800.000 Y=-12600.000 Z=0.000), Max=(X=22100.000 Y=0.000 Z=200.000) RuntimeGrid:None EditorOnly:0 RuntimeOnly:0 HLODRelevant:1 ListedInSceneOutliner:1 IsMainWorldOnly:0
 |   |   |- Guid:D2E32FEE477DB2BCF9B683854FF5DBA8 BaseClass: NativeClass:/Script/Landscape.LandscapeStreamingProxy Name:LandscapeStreamingProxy_EN0S3C04TQR31FB2WTQTUHRLT_126_1_0_0 Label:LandscapeStreamingProxy_1_0_0 SpatiallyLoaded:1 Bounds:IsValid=true, Min=(X=-9400.000 Y=-12600.000 Z=0.000), Max=(X=3200.000 Y=0.000 Z=200.000) RuntimeGrid:None EditorOnly:0 RuntimeOnly:0 HLODRelevant:1 ListedInSceneOutliner:1 IsMainWorldOnly:0
 |   |   |- Guid:D8CC9951413904DD38EE81AF6A6A243C BaseClass: NativeClass:/Script/Landscape.LandscapeStreamingProxy Name:LandscapeStreamingProxy_EN0S3C04TQR31FB2WTQTUHRLT_126_2_0_0 Label:LandscapeStreamingProxy_2_0_0 SpatiallyLoaded:1 Bounds:IsValid=true, Min=(X=3200.000 Y=-12600.000 Z=0.000), Max=(X=15800.000 Y=0.000 Z=200.000) RuntimeGrid:None EditorOnly:0 RuntimeOnly:0 HLODRelevant:1 ListedInSceneOutliner:1 IsMainWorldOnly:0
 |   |   |- Guid:DA6A227547B8C67D592BFFB351ACB055 BaseClass: NativeClass:/Script/Engine.WorldDataLayers Name:WorldDataLayers Label:WorldDataLayers SpatiallyLoaded:0 Bounds:Invalid RuntimeGrid:None EditorOnly:0 RuntimeOnly:0 HLODRelevant:0 ListedInSceneOutliner:1 IsMainWorldOnly:1
 |   |   |- Guid:DE4453DA4796BB3E0F237188003A895A BaseClass: NativeClass:/Script/Landscape.LandscapeStreamingProxy Name:LandscapeStreamingProxy_EN0S3C04TQR31FB2WTQTUHRLT_126_0_1_0 Label:LandscapeStreamingProxy_0_1_0 SpatiallyLoaded:1 Bounds:IsValid=true, Min=(X=-22000.000 Y=0.000 Z=0.000), Max=(X=-9400.000 Y=12600.000 Z=200.000) RuntimeGrid:None EditorOnly:0 RuntimeOnly:0 HLODRelevant:1 ListedInSceneOutliner:1 IsMainWorldOnly:0
 |   |   |- Guid:EF4C2FDD457758CE6E80F0B6EB79A678 BaseClass: NativeClass:/Script/Landscape.LandscapeStreamingProxy Name:LandscapeStreamingProxy_EN0S3C04TQR31FB2WTQTUHRLT_126_0_0_0 Label:LandscapeStreamingProxy_0_0_0 SpatiallyLoaded:1 Bounds:IsValid=true, Min=(X=-22000.000 Y=-12600.000 Z=0.000), Max=(X=-9400.000 Y=0.000 Z=200.000) RuntimeGrid:None EditorOnly:0 RuntimeOnly:0 HLODRelevant:1 ListedInSceneOutliner:1 IsMainWorldOnly:0
 |   |   |- Guid:F083282C4B74D2E91B96A0A092120C75 BaseClass: NativeClass:/Script/Landscape.LandscapeStreamingProxy Name:LandscapeStreamingProxy_EN0S3C04TQR31FB2WTQTUHRLT_126_2_1_0 Label:LandscapeStreamingProxy_2_1_0 SpatiallyLoaded:1 Bounds:IsValid=true, Min=(X=3200.000 Y=0.000 Z=0.000), Max=(X=15800.000 Y=12600.000 Z=200.000) RuntimeGrid:None EditorOnly:0 RuntimeOnly:0 HLODRelevant:1 ListedInSceneOutliner:1 IsMainWorldOnly:0
 |   |- [+] Clusters:
 |   |   |- [+] [  0]
 |   |   |   |- Guid:7CC8066F4F3E9C450716009F2E0A82E8 BaseClass: NativeClass:/Script/Landscape.LandscapeStreamingProxy Name:LandscapeStreamingProxy_EN0S3C04TQR31FB2WTQTUHRLT_126_1_1_0 Label:LandscapeStreamingProxy_1_1_0 SpatiallyLoaded:1 Bounds:IsValid=true, Min=(X=-9400.000 Y=0.000 Z=0.000), Max=(X=3200.000 Y=12600.000 Z=200.000) RuntimeGrid:None EditorOnly:0 RuntimeOnly:0 HLODRelevant:1 ListedInSceneOutliner:1 IsMainWorldOnly:0
 |   |   |- [+] [  1]
 |   |   |   |- Guid:8BE44D6944B75ABE3962D9B9A50E6713 BaseClass: NativeClass:/Script/Landscape.Landscape Name:Landscape_UAID_1C1B0D03504764BB01_1505174233 Label:Landscape SpatiallyLoaded:0 Bounds:IsValid=true, Min=(X=-22000.000 Y=-12600.000 Z=100.000), Max=(X=-22000.000 Y=-12600.000 Z=100.000) RuntimeGrid:None EditorOnly:0 RuntimeOnly:0 HLODRelevant:0 ListedInSceneOutliner:1 IsMainWorldOnly:0
 |   |   |- [+] [  2]
 |   |   |   |- Guid:988ABEA74BDDB230E33230AF1758CA01 BaseClass: NativeClass:/Script/Landscape.LandscapeStreamingProxy Name:LandscapeStreamingProxy_EN0S3C04TQR31FB2WTQTUHRLT_126_3_1_0 Label:LandscapeStreamingProxy_3_1_0 SpatiallyLoaded:1 Bounds:IsValid=true, Min=(X=15800.000 Y=0.000 Z=0.000), Max=(X=22100.000 Y=12600.000 Z=200.000) RuntimeGrid:None EditorOnly:0 RuntimeOnly:0 HLODRelevant:1 ListedInSceneOutliner:1 IsMainWorldOnly:0
 |   |   |- [+] [  3]
 |   |   |   |- Guid:A79B91854102EC41E5DCA4B453ADA658 BaseClass: NativeClass:/Script/Engine.DirectionalLight Name:DirectionalLight_UAID_1C1B0D03504764BB01_1732030234 Label:DirectionalLight SpatiallyLoaded:0 Bounds:IsValid=true, Min=(X=-4398046511104.000 Y=-4398046511104.000 Z=-4398046511104.000), Max=(X=4398046511104.000 Y=4398046511104.000 Z=4398046511104.000) RuntimeGrid:None EditorOnly:0 RuntimeOnly:0 HLODRelevant:0 ListedInSceneOutliner:1 IsMainWorldOnly:0
 |   |   |- [+] [  4]
 |   |   |   |- Guid:D267C6704C32CBDF5CAA81BA0D40388A BaseClass: NativeClass:/Script/Landscape.LandscapeStreamingProxy Name:LandscapeStreamingProxy_EN0S3C04TQR31FB2WTQTUHRLT_126_3_0_0 Label:LandscapeStreamingProxy_3_0_0 SpatiallyLoaded:1 Bounds:IsValid=true, Min=(X=15800.000 Y=-12600.000 Z=0.000), Max=(X=22100.000 Y=0.000 Z=200.000) RuntimeGrid:None EditorOnly:0 RuntimeOnly:0 HLODRelevant:1 ListedInSceneOutliner:1 IsMainWorldOnly:0
 |   |   |- [+] [  5]
 |   |   |   |- Guid:D2E32FEE477DB2BCF9B683854FF5DBA8 BaseClass: NativeClass:/Script/Landscape.LandscapeStreamingProxy Name:LandscapeStreamingProxy_EN0S3C04TQR31FB2WTQTUHRLT_126_1_0_0 Label:LandscapeStreamingProxy_1_0_0 SpatiallyLoaded:1 Bounds:IsValid=true, Min=(X=-9400.000 Y=-12600.000 Z=0.000), Max=(X=3200.000 Y=0.000 Z=200.000) RuntimeGrid:None EditorOnly:0 RuntimeOnly:0 HLODRelevant:1 ListedInSceneOutliner:1 IsMainWorldOnly:0
 |   |   |- [+] [  6]
 |   |   |   |- Guid:D8CC9951413904DD38EE81AF6A6A243C BaseClass: NativeClass:/Script/Landscape.LandscapeStreamingProxy Name:LandscapeStreamingProxy_EN0S3C04TQR31FB2WTQTUHRLT_126_2_0_0 Label:LandscapeStreamingProxy_2_0_0 SpatiallyLoaded:1 Bounds:IsValid=true, Min=(X=3200.000 Y=-12600.000 Z=0.000), Max=(X=15800.000 Y=0.000 Z=200.000) RuntimeGrid:None EditorOnly:0 RuntimeOnly:0 HLODRelevant:1 ListedInSceneOutliner:1 IsMainWorldOnly:0
 |   |   |- [+] [  7]
 |   |   |   |- Guid:DA6A227547B8C67D592BFFB351ACB055 BaseClass: NativeClass:/Script/Engine.WorldDataLayers Name:WorldDataLayers Label:WorldDataLayers SpatiallyLoaded:0 Bounds:Invalid RuntimeGrid:None EditorOnly:0 RuntimeOnly:0 HLODRelevant:0 ListedInSceneOutliner:1 IsMainWorldOnly:1
 |   |   |- [+] [  8]
 |   |   |   |- Guid:DE4453DA4796BB3E0F237188003A895A BaseClass: NativeClass:/Script/Landscape.LandscapeStreamingProxy Name:LandscapeStreamingProxy_EN0S3C04TQR31FB2WTQTUHRLT_126_0_1_0 Label:LandscapeStreamingProxy_0_1_0 SpatiallyLoaded:1 Bounds:IsValid=true, Min=(X=-22000.000 Y=0.000 Z=0.000), Max=(X=-9400.000 Y=12600.000 Z=200.000) RuntimeGrid:None EditorOnly:0 RuntimeOnly:0 HLODRelevant:1 ListedInSceneOutliner:1 IsMainWorldOnly:0
 |   |   |- [+] [  9]
 |   |   |   |- Guid:EF4C2FDD457758CE6E80F0B6EB79A678 BaseClass: NativeClass:/Script/Landscape.LandscapeStreamingProxy Name:LandscapeStreamingProxy_EN0S3C04TQR31FB2WTQTUHRLT_126_0_0_0 Label:LandscapeStreamingProxy_0_0_0 SpatiallyLoaded:1 Bounds:IsValid=true, Min=(X=-22000.000 Y=-12600.000 Z=0.000), Max=(X=-9400.000 Y=0.000 Z=200.000) RuntimeGrid:None EditorOnly:0 RuntimeOnly:0 HLODRelevant:1 ListedInSceneOutliner:1 IsMainWorldOnly:0
 |   |   |- [+] [ 10]
 |   |   |   |- Guid:F083282C4B74D2E91B96A0A092120C75 BaseClass: NativeClass:/Script/Landscape.LandscapeStreamingProxy Name:LandscapeStreamingProxy_EN0S3C04TQR31FB2WTQTUHRLT_126_2_1_0 Label:LandscapeStreamingProxy_2_1_0 SpatiallyLoaded:1 Bounds:IsValid=true, Min=(X=3200.000 Y=0.000 Z=0.000), Max=(X=15800.000 Y=12600.000 Z=200.000) RuntimeGrid:None EditorOnly:0 RuntimeOnly:0 HLODRelevant:1 ListedInSceneOutliner:1 IsMainWorldOnly:0
 |- ContainerInstances:
 |- [+] MainContainer:
 |   |-        ID: 00000000000000000000000000000000
 |   |-  ParentID: 00000000000000000000000000000000
 |   |-    Bounds: IsValid=true, Min=(X=-22000.000 Y=-12600.000 Z=0.000), Max=(X=22100.000 Y=12600.000 Z=200.000)
 |   |- Transform: 0.000000,0.000000,0.000000|0.000000,0.000000,-0.000000|1.000000,1.000000,1.000000
 |   |- Container: /Game/Maps/PrototypeMap
