[+] Containers:
 |- [+] Container: /Game/Maps/PrototypeMap
 |   |- [+] ActorDescs:
 |   |   |- Guid:07435F454B37ED9E2712559C30579B92 BaseClass: NativeClass:/Script/Engine.SkyAtmosphere Name:SkyAtmosphere_UAID_1C1B0D03504765BB01_1990181416 Label:SkyAtmosphere SpatiallyLoaded:0 Bounds:IsValid=true, Min=(X=-3070.000 Y=-690.000 Z=1680.000), Max=(X=-3070.000 Y=-690.000 Z=1680.000) RuntimeGrid:None EditorOnly:0 RuntimeOnly:0 HLODRelevant:0 ListedInSceneOutliner:1 IsMainWorldOnly:0 FolderPath:Lighting FolderGuid:EEA032A84D07C4FAE383CC96107A5F83
 |   |   |- Guid:0E64CCD14ACAA03F134B3C8B1ACD7428 BaseClass: NativeClass:/Script/Landscape.LandscapeStreamingProxy Name:LandscapeStreamingProxy_BVT0EYS6489R0JQVV4DIVDQB9_126_1_0_0 Label:LandscapeStreamingProxy_1_0_0 SpatiallyLoaded:1 Bounds:IsValid=true, Min=(X=-9400.000 Y=-12600.000 Z=-82.031), Max=(X=3200.000 Y=0.000 Z=2191.406) RuntimeGrid:None EditorOnly:0 RuntimeOnly:0 HLODRelevant:1 ListedInSceneOutliner:1 IsMainWorldOnly:0
 |   |   |- Guid:0F62A5FC47F1B9D85A7510A2CD795F86 BaseClass: NativeClass:/Script/Engine.SkeletalMeshActor Name:SkeletalMeshActor_UAID_1C1B0D03504767BB01_1660002773 Label:SK_Mannequin_Mobile SpatiallyLoaded:1 Bounds:IsValid=true, Min=(X=17042.735 Y=-634.518 Z=71.377), Max=(X=17177.265 Y=-592.057 Z=264.180) RuntimeGrid:None EditorOnly:0 RuntimeOnly:0 HLODRelevant:0 ListedInSceneOutliner:1 IsMainWorldOnly:0
 |   |   |- Guid:378E92BE482046833CB84E8BA27A8070 BaseClass: NativeClass:/Script/Engine.ExponentialHeightFog Name:ExponentialHeightFog_UAID_1C1B0D03504765BB01_1602213414 Label:ExponentialHeightFog SpatiallyLoaded:0 Bounds:IsValid=true, Min=(X=-3070.000 Y=-680.000 Z=1580.000), Max=(X=-3070.000 Y=-680.000 Z=1580.000) RuntimeGrid:None EditorOnly:0 RuntimeOnly:0 HLODRelevant:0 ListedInSceneOutliner:1 IsMainWorldOnly:0 FolderPath:Lighting FolderGuid:EEA032A84D07C4FAE383CC96107A5F83
 |   |   |- Guid:380673CC4C6FABCD60C8DA993E0A0AEB BaseClass: NativeClass:/Script/Landscape.LandscapeStreamingProxy Name:LandscapeStreamingProxy_BVT0EYS6489R0JQVV4DIVDQB9_126_1_1_0 Label:LandscapeStreamingProxy_1_1_0 SpatiallyLoaded:1 Bounds:IsValid=true, Min=(X=-9400.000 Y=0.000 Z=258.594), Max=(X=3200.000 Y=12600.000 Z=2525.781) RuntimeGrid:None EditorOnly:0 RuntimeOnly:0 HLODRelevant:1 ListedInSceneOutliner:1 IsMainWorldOnly:0
 |   |   |- Guid:56D61F6045FDFA5326B01A91D3B7553F BaseClass: NativeClass:/Script/Landscape.LandscapeStreamingProxy Name:LandscapeStreamingProxy_BVT0EYS6489R0JQVV4DIVDQB9_126_0_0_0 Label:LandscapeStreamingProxy_0_0_0 SpatiallyLoaded:1 Bounds:IsValid=true, Min=(X=-22000.000 Y=-12600.000 Z=-188.281), Max=(X=-9400.000 Y=0.000 Z=1421.875) RuntimeGrid:None EditorOnly:0 RuntimeOnly:0 HLODRelevant:1 ListedInSceneOutliner:1 IsMainWorldOnly:0
 |   |   |- Guid:5767D4DE4A5556E30B5517B0AF3BD7C0 BaseClass: NativeClass:/Script/Engine.DirectionalLight Name:DirectionalLight_UAID_1C1B0D03504765BB01_1487886413 Label:DirectionalLight SpatiallyLoaded:0 Bounds:IsValid=true, Min=(X=-4398046511104.000 Y=-4398046511104.000 Z=-4398046511104.000), Max=(X=4398046511104.000 Y=4398046511104.000 Z=4398046511104.000) RuntimeGrid:None EditorOnly:0 RuntimeOnly:0 HLODRelevant:0 ListedInSceneOutliner:1 IsMainWorldOnly:0 FolderPath:Lighting FolderGuid:EEA032A84D07C4FAE383CC96107A5F83
 |   |   |- Guid:5E45B7C143D64C0563B4E191919AE8E3 BaseClass: NativeClass:/Script/Landscape.LandscapeStreamingProxy Name:LandscapeStreamingProxy_BVT0EYS6489R0JQVV4DIVDQB9_126_3_0_0 Label:LandscapeStreamingProxy_3_0_0 SpatiallyLoaded:1 Bounds:IsValid=true, Min=(X=15800.000 Y=-12600.000 Z=-427.344), Max=(X=22100.000 Y=0.000 Z=368.750) RuntimeGrid:None EditorOnly:0 RuntimeOnly:0 HLODRelevant:1 ListedInSceneOutliner:1 IsMainWorldOnly:0
 |   |   |- Guid:609CB9B541C77D63EA6BFE994F2B195D BaseClass: NativeClass:/Script/Engine.SkyLight Name:SkyLight_UAID_1C1B0D03504765BB01_2106490417 Label:SkyLight SpatiallyLoaded:0 Bounds:IsValid=true, Min=(X=-3050.000 Y=-690.000 Z=1790.000), Max=(X=-3050.000 Y=-690.000 Z=1790.000) RuntimeGrid:None EditorOnly:0 RuntimeOnly:0 HLODRelevant:0 ListedInSceneOutliner:1 IsMainWorldOnly:0 FolderPath:Lighting FolderGuid:EEA032A84D07C4FAE383CC96107A5F83
 |   |   |- Guid:7DC39FF144FBAE0759828D9127F89C4F BaseClass: NativeClass:/Script/Landscape.LandscapeStreamingProxy Name:LandscapeStreamingProxy_BVT0EYS6489R0JQVV4DIVDQB9_126_0_1_0 Label:LandscapeStreamingProxy_0_1_0 SpatiallyLoaded:1 Bounds:IsValid=true, Min=(X=-22000.000 Y=0.000 Z=226.562), Max=(X=-9400.000 Y=12600.000 Z=1713.281) RuntimeGrid:None EditorOnly:0 RuntimeOnly:0 HLODRelevant:1 ListedInSceneOutliner:1 IsMainWorldOnly:0
 |   |   |- Guid:9FCF4C3B4CA0E26D20712DB1D567F5CE BaseClass: NativeClass:/Script/Landscape.LandscapeStreamingProxy Name:LandscapeStreamingProxy_BVT0EYS6489R0JQVV4DIVDQB9_126_2_0_0 Label:LandscapeStreamingProxy_2_0_0 SpatiallyLoaded:1 Bounds:IsValid=true, Min=(X=3200.000 Y=-12600.000 Z=-875.000), Max=(X=15800.000 Y=0.000 Z=1342.188) RuntimeGrid:None EditorOnly:0 RuntimeOnly:0 HLODRelevant:1 ListedInSceneOutliner:1 IsMainWorldOnly:0
 |   |   |- Guid:AC14756640CEB0E6B9F67FB6AA170D7F BaseClass: NativeClass:/Script/Landscape.LandscapeStreamingProxy Name:LandscapeStreamingProxy_BVT0EYS6489R0JQVV4DIVDQB9_126_2_1_0 Label:LandscapeStreamingProxy_2_1_0 SpatiallyLoaded:1 Bounds:IsValid=true, Min=(X=3200.000 Y=0.000 Z=-407.812), Max=(X=15800.000 Y=12600.000 Z=1931.250) RuntimeGrid:None EditorOnly:0 RuntimeOnly:0 HLODRelevant:1 ListedInSceneOutliner:1 IsMainWorldOnly:0
 |   |   |- Guid:B13E34124D8D46B1DADB62B514C89FD8 BaseClass: NativeClass:/Script/Engine.WorldDataLayers Name:WorldDataLayers Label:WorldDataLayers SpatiallyLoaded:0 Bounds:Invalid RuntimeGrid:None EditorOnly:0 RuntimeOnly:0 HLODRelevant:0 ListedInSceneOutliner:1 IsMainWorldOnly:1
 |   |   |- Guid:B172A38A4EB26E128A5D23BA2A00462A BaseClass: NativeClass:/Script/Foliage.InstancedFoliageActor Name:InstancedFoliageActor_UAID_1C1B0D0350476CBB01_1483494655 Label:InstancedFoliageActor SpatiallyLoaded:1 Bounds:(Editor:IsValid=true, Min=(X=0.000 Y=0.000 Z=0.000), Max=(X=1.000 Y=1.000 Z=1.000) Runtime:IsValid=true, Min=(X=0.000 Y=0.000 Z=0.000), Max=(X=0.000 Y=0.000 Z=0.000)) RuntimeGrid:None EditorOnly:0 RuntimeOnly:0 HLODRelevant:0 ListedInSceneOutliner:1 IsMainWorldOnly:0
 |   |   |- Guid:B34A3DE24D0CBB58D0446D80264D6C83 BaseClass: NativeClass:/Script/Engine.PlayerStart Name:PlayerStart_UAID_1C1B0D03504766BB01_1435290594 Label:PlayerStart SpatiallyLoaded:0 Bounds:IsValid=true, Min=(X=-3270.000 Y=-600.000 Z=138.000), Max=(X=-3190.000 Y=-520.000 Z=322.000) RuntimeGrid:None EditorOnly:0 RuntimeOnly:0 HLODRelevant:0 ListedInSceneOutliner:1 IsMainWorldOnly:0
 |   |   |- Guid:BFD4F6F942A9E17BB63588BBFCB6762F BaseClass: NativeClass:/Script/Landscape.Landscape Name:Landscape_UAID_1C1B0D03504765BB01_1415776412 Label:Landscape SpatiallyLoaded:0 Bounds:IsValid=true, Min=(X=-22000.000 Y=-12600.000 Z=0.000), Max=(X=-22000.000 Y=-12600.000 Z=0.000) RuntimeGrid:None EditorOnly:0 RuntimeOnly:0 HLODRelevant:0 ListedInSceneOutliner:1 IsMainWorldOnly:0
 |   |   |- Guid:D69D9C5E4D4171E41619A9B9F791075D BaseClass: NativeClass:/Script/Engine.PostProcessVolume Name:PostProcessVolume_UAID_1C1B0D03504765BB01_1805024415 Label:PostProcessVolume SpatiallyLoaded:1 Bounds:IsValid=true, Min=(X=-3180.000 Y=-750.000 Z=1170.000), Max=(X=-2980.000 Y=-550.000 Z=1370.000) RuntimeGrid:None EditorOnly:0 RuntimeOnly:0 HLODRelevant:0 ListedInSceneOutliner:1 IsMainWorldOnly:0 FolderPath:Lighting FolderGuid:EEA032A84D07C4FAE383CC96107A5F83
 |   |   |- Guid:FC4F4C85422A9B015C8CFAAAF1C0F6C6 BaseClass: NativeClass:/Script/Landscape.LandscapeStreamingProxy Name:LandscapeStreamingProxy_BVT0EYS6489R0JQVV4DIVDQB9_126_3_1_0 Label:LandscapeStreamingProxy_3_1_0 SpatiallyLoaded:1 Bounds:IsValid=true, Min=(X=15800.000 Y=0.000 Z=0.000), Max=(X=22100.000 Y=12600.000 Z=1142.188) RuntimeGrid:None EditorOnly:0 RuntimeOnly:0 HLODRelevant:1 ListedInSceneOutliner:1 IsMainWorldOnly:0
 |   |- [+] Clusters:
 |   |   |- [+] [  0]
 |   |   |   |- Guid:07435F454B37ED9E2712559C30579B92 BaseClass: NativeClass:/Script/Engine.SkyAtmosphere Name:SkyAtmosphere_UAID_1C1B0D03504765BB01_1990181416 Label:SkyAtmosphere SpatiallyLoaded:0 Bounds:IsValid=true, Min=(X=-3070.000 Y=-690.000 Z=1680.000), Max=(X=-3070.000 Y=-690.000 Z=1680.000) RuntimeGrid:None EditorOnly:0 RuntimeOnly:0 HLODRelevant:0 ListedInSceneOutliner:1 IsMainWorldOnly:0 FolderPath:Lighting FolderGuid:EEA032A84D07C4FAE383CC96107A5F83
 |   |   |- [+] [  1]
 |   |   |   |- Guid:0E64CCD14ACAA03F134B3C8B1ACD7428 BaseClass: NativeClass:/Script/Landscape.LandscapeStreamingProxy Name:LandscapeStreamingProxy_BVT0EYS6489R0JQVV4DIVDQB9_126_1_0_0 Label:LandscapeStreamingProxy_1_0_0 SpatiallyLoaded:1 Bounds:IsValid=true, Min=(X=-9400.000 Y=-12600.000 Z=-82.031), Max=(X=3200.000 Y=0.000 Z=2191.406) RuntimeGrid:None EditorOnly:0 RuntimeOnly:0 HLODRelevant:1 ListedInSceneOutliner:1 IsMainWorldOnly:0
 |   |   |- [+] [  2]
 |   |   |   |- Guid:0F62A5FC47F1B9D85A7510A2CD795F86 BaseClass: NativeClass:/Script/Engine.SkeletalMeshActor Name:SkeletalMeshActor_UAID_1C1B0D03504767BB01_1660002773 Label:SK_Mannequin_Mobile SpatiallyLoaded:1 Bounds:IsValid=true, Min=(X=17042.735 Y=-634.518 Z=71.377), Max=(X=17177.265 Y=-592.057 Z=264.180) RuntimeGrid:None EditorOnly:0 RuntimeOnly:0 HLODRelevant:0 ListedInSceneOutliner:1 IsMainWorldOnly:0
 |   |   |- [+] [  3]
 |   |   |   |- Guid:378E92BE482046833CB84E8BA27A8070 BaseClass: NativeClass:/Script/Engine.ExponentialHeightFog Name:ExponentialHeightFog_UAID_1C1B0D03504765BB01_1602213414 Label:ExponentialHeightFog SpatiallyLoaded:0 Bounds:IsValid=true, Min=(X=-3070.000 Y=-680.000 Z=1580.000), Max=(X=-3070.000 Y=-680.000 Z=1580.000) RuntimeGrid:None EditorOnly:0 RuntimeOnly:0 HLODRelevant:0 ListedInSceneOutliner:1 IsMainWorldOnly:0 FolderPath:Lighting FolderGuid:EEA032A84D07C4FAE383CC96107A5F83
 |   |   |- [+] [  4]
 |   |   |   |- Guid:380673CC4C6FABCD60C8DA993E0A0AEB BaseClass: NativeClass:/Script/Landscape.LandscapeStreamingProxy Name:LandscapeStreamingProxy_BVT0EYS6489R0JQVV4DIVDQB9_126_1_1_0 Label:LandscapeStreamingProxy_1_1_0 SpatiallyLoaded:1 Bounds:IsValid=true, Min=(X=-9400.000 Y=0.000 Z=258.594), Max=(X=3200.000 Y=12600.000 Z=2525.781) RuntimeGrid:None EditorOnly:0 RuntimeOnly:0 HLODRelevant:1 ListedInSceneOutliner:1 IsMainWorldOnly:0
 |   |   |- [+] [  5]
 |   |   |   |- Guid:56D61F6045FDFA5326B01A91D3B7553F BaseClass: NativeClass:/Script/Landscape.LandscapeStreamingProxy Name:LandscapeStreamingProxy_BVT0EYS6489R0JQVV4DIVDQB9_126_0_0_0 Label:LandscapeStreamingProxy_0_0_0 SpatiallyLoaded:1 Bounds:IsValid=true, Min=(X=-22000.000 Y=-12600.000 Z=-188.281), Max=(X=-9400.000 Y=0.000 Z=1421.875) RuntimeGrid:None EditorOnly:0 RuntimeOnly:0 HLODRelevant:1 ListedInSceneOutliner:1 IsMainWorldOnly:0
 |   |   |- [+] [  6]
 |   |   |   |- Guid:5767D4DE4A5556E30B5517B0AF3BD7C0 BaseClass: NativeClass:/Script/Engine.DirectionalLight Name:DirectionalLight_UAID_1C1B0D03504765BB01_1487886413 Label:DirectionalLight SpatiallyLoaded:0 Bounds:IsValid=true, Min=(X=-4398046511104.000 Y=-4398046511104.000 Z=-4398046511104.000), Max=(X=4398046511104.000 Y=4398046511104.000 Z=4398046511104.000) RuntimeGrid:None EditorOnly:0 RuntimeOnly:0 HLODRelevant:0 ListedInSceneOutliner:1 IsMainWorldOnly:0 FolderPath:Lighting FolderGuid:EEA032A84D07C4FAE383CC96107A5F83
 |   |   |- [+] [  7]
 |   |   |   |- Guid:5E45B7C143D64C0563B4E191919AE8E3 BaseClass: NativeClass:/Script/Landscape.LandscapeStreamingProxy Name:LandscapeStreamingProxy_BVT0EYS6489R0JQVV4DIVDQB9_126_3_0_0 Label:LandscapeStreamingProxy_3_0_0 SpatiallyLoaded:1 Bounds:IsValid=true, Min=(X=15800.000 Y=-12600.000 Z=-427.344), Max=(X=22100.000 Y=0.000 Z=368.750) RuntimeGrid:None EditorOnly:0 RuntimeOnly:0 HLODRelevant:1 ListedInSceneOutliner:1 IsMainWorldOnly:0
 |   |   |- [+] [  8]
 |   |   |   |- Guid:609CB9B541C77D63EA6BFE994F2B195D BaseClass: NativeClass:/Script/Engine.SkyLight Name:SkyLight_UAID_1C1B0D03504765BB01_2106490417 Label:SkyLight SpatiallyLoaded:0 Bounds:IsValid=true, Min=(X=-3050.000 Y=-690.000 Z=1790.000), Max=(X=-3050.000 Y=-690.000 Z=1790.000) RuntimeGrid:None EditorOnly:0 RuntimeOnly:0 HLODRelevant:0 ListedInSceneOutliner:1 IsMainWorldOnly:0 FolderPath:Lighting FolderGuid:EEA032A84D07C4FAE383CC96107A5F83
 |   |   |- [+] [  9]
 |   |   |   |- Guid:7DC39FF144FBAE0759828D9127F89C4F BaseClass: NativeClass:/Script/Landscape.LandscapeStreamingProxy Name:LandscapeStreamingProxy_BVT0EYS6489R0JQVV4DIVDQB9_126_0_1_0 Label:LandscapeStreamingProxy_0_1_0 SpatiallyLoaded:1 Bounds:IsValid=true, Min=(X=-22000.000 Y=0.000 Z=226.562), Max=(X=-9400.000 Y=12600.000 Z=1713.281) RuntimeGrid:None EditorOnly:0 RuntimeOnly:0 HLODRelevant:1 ListedInSceneOutliner:1 IsMainWorldOnly:0
 |   |   |- [+] [ 10]
 |   |   |   |- Guid:9FCF4C3B4CA0E26D20712DB1D567F5CE BaseClass: NativeClass:/Script/Landscape.LandscapeStreamingProxy Name:LandscapeStreamingProxy_BVT0EYS6489R0JQVV4DIVDQB9_126_2_0_0 Label:LandscapeStreamingProxy_2_0_0 SpatiallyLoaded:1 Bounds:IsValid=true, Min=(X=3200.000 Y=-12600.000 Z=-875.000), Max=(X=15800.000 Y=0.000 Z=1342.188) RuntimeGrid:None EditorOnly:0 RuntimeOnly:0 HLODRelevant:1 ListedInSceneOutliner:1 IsMainWorldOnly:0
 |   |   |- [+] [ 11]
 |   |   |   |- Guid:AC14756640CEB0E6B9F67FB6AA170D7F BaseClass: NativeClass:/Script/Landscape.LandscapeStreamingProxy Name:LandscapeStreamingProxy_BVT0EYS6489R0JQVV4DIVDQB9_126_2_1_0 Label:LandscapeStreamingProxy_2_1_0 SpatiallyLoaded:1 Bounds:IsValid=true, Min=(X=3200.000 Y=0.000 Z=-407.812), Max=(X=15800.000 Y=12600.000 Z=1931.250) RuntimeGrid:None EditorOnly:0 RuntimeOnly:0 HLODRelevant:1 ListedInSceneOutliner:1 IsMainWorldOnly:0
 |   |   |- [+] [ 12]
 |   |   |   |- Guid:B13E34124D8D46B1DADB62B514C89FD8 BaseClass: NativeClass:/Script/Engine.WorldDataLayers Name:WorldDataLayers Label:WorldDataLayers SpatiallyLoaded:0 Bounds:Invalid RuntimeGrid:None EditorOnly:0 RuntimeOnly:0 HLODRelevant:0 ListedInSceneOutliner:1 IsMainWorldOnly:1
 |   |   |- [+] [ 13]
 |   |   |   |- Guid:B172A38A4EB26E128A5D23BA2A00462A BaseClass: NativeClass:/Script/Foliage.InstancedFoliageActor Name:InstancedFoliageActor_UAID_1C1B0D0350476CBB01_1483494655 Label:InstancedFoliageActor SpatiallyLoaded:1 Bounds:(Editor:IsValid=true, Min=(X=0.000 Y=0.000 Z=0.000), Max=(X=1.000 Y=1.000 Z=1.000) Runtime:IsValid=true, Min=(X=0.000 Y=0.000 Z=0.000), Max=(X=0.000 Y=0.000 Z=0.000)) RuntimeGrid:None EditorOnly:0 RuntimeOnly:0 HLODRelevant:0 ListedInSceneOutliner:1 IsMainWorldOnly:0
 |   |   |- [+] [ 14]
 |   |   |   |- Guid:B34A3DE24D0CBB58D0446D80264D6C83 BaseClass: NativeClass:/Script/Engine.PlayerStart Name:PlayerStart_UAID_1C1B0D03504766BB01_1435290594 Label:PlayerStart SpatiallyLoaded:0 Bounds:IsValid=true, Min=(X=-3270.000 Y=-600.000 Z=138.000), Max=(X=-3190.000 Y=-520.000 Z=322.000) RuntimeGrid:None EditorOnly:0 RuntimeOnly:0 HLODRelevant:0 ListedInSceneOutliner:1 IsMainWorldOnly:0
 |   |   |- [+] [ 15]
 |   |   |   |- Guid:BFD4F6F942A9E17BB63588BBFCB6762F BaseClass: NativeClass:/Script/Landscape.Landscape Name:Landscape_UAID_1C1B0D03504765BB01_1415776412 Label:Landscape SpatiallyLoaded:0 Bounds:IsValid=true, Min=(X=-22000.000 Y=-12600.000 Z=0.000), Max=(X=-22000.000 Y=-12600.000 Z=0.000) RuntimeGrid:None EditorOnly:0 RuntimeOnly:0 HLODRelevant:0 ListedInSceneOutliner:1 IsMainWorldOnly:0
 |   |   |- [+] [ 16]
 |   |   |   |- Guid:D69D9C5E4D4171E41619A9B9F791075D BaseClass: NativeClass:/Script/Engine.PostProcessVolume Name:PostProcessVolume_UAID_1C1B0D03504765BB01_1805024415 Label:PostProcessVolume SpatiallyLoaded:1 Bounds:IsValid=true, Min=(X=-3180.000 Y=-750.000 Z=1170.000), Max=(X=-2980.000 Y=-550.000 Z=1370.000) RuntimeGrid:None EditorOnly:0 RuntimeOnly:0 HLODRelevant:0 ListedInSceneOutliner:1 IsMainWorldOnly:0 FolderPath:Lighting FolderGuid:EEA032A84D07C4FAE383CC96107A5F83
 |   |   |- [+] [ 17]
 |   |   |   |- Guid:FC4F4C85422A9B015C8CFAAAF1C0F6C6 BaseClass: NativeClass:/Script/Landscape.LandscapeStreamingProxy Name:LandscapeStreamingProxy_BVT0EYS6489R0JQVV4DIVDQB9_126_3_1_0 Label:LandscapeStreamingProxy_3_1_0 SpatiallyLoaded:1 Bounds:IsValid=true, Min=(X=15800.000 Y=0.000 Z=0.000), Max=(X=22100.000 Y=12600.000 Z=1142.188) RuntimeGrid:None EditorOnly:0 RuntimeOnly:0 HLODRelevant:1 ListedInSceneOutliner:1 IsMainWorldOnly:0
 |- ContainerInstances:
 |- [+] MainContainer:
 |   |-        ID: 00000000000000000000000000000000
 |   |-  ParentID: 00000000000000000000000000000000
 |   |-    Bounds: IsValid=true, Min=(X=-22000.000 Y=-12600.000 Z=-875.000), Max=(X=22100.000 Y=12600.000 Z=2525.781)
 |   |- Transform: 0.000000,0.000000,0.000000|0.000000,0.000000,-0.000000|1.000000,1.000000,1.000000
 |   |- Container: /Game/Maps/PrototypeMap
----------------------------------------------------------------------------------------------------------------
PrototypeMap - Persistent Level
----------------------------------------------------------------------------------------------------------------
[+] Content of PrototypeMap Persistent Level
 |- Always loaded Actor Count: 27 
 |- Actor Path: /Game/Maps/PrototypeMap.PrototypeMap:PersistentLevel.AbstractNavData-Default
 |- Actor Package: /Game/Maps/PrototypeMap
 |- Actor Path: /Game/Maps/PrototypeMap.PrototypeMap:PersistentLevel.Brush_0
 |- Actor Package: /Game/Maps/PrototypeMap
 |- Actor Path: /Game/Maps/PrototypeMap.PrototypeMap:PersistentLevel.DefaultPhysicsVolume_0
 |- Actor Package: /Game/Maps/PrototypeMap
 |- Actor Path: /Game/Maps/PrototypeMap.PrototypeMap:PersistentLevel.DirectionalLight_UAID_1C1B0D03504765BB01_1487886413
 |- Actor Package: /Game/__ExternalActors__/Maps/PrototypeMap/E/AT/KYDO4TYTR2MKP1P3P8MFTP
 |- Actor Path: /Game/Maps/PrototypeMap.PrototypeMap:PersistentLevel.ExponentialHeightFog_UAID_1C1B0D03504765BB01_1602213414
 |- Actor Package: /Game/__ExternalActors__/Maps/PrototypeMap/A/SW/IFLA34S2FXTBEA3LBBP9BG
 |- Actor Path: /Game/Maps/PrototypeMap.PrototypeMap:PersistentLevel.GameplayDebuggerPlayerManager_0
 |- Actor Package: /Game/Maps/PrototypeMap
 |- Actor Path: /Game/Maps/PrototypeMap.PrototypeMap:PersistentLevel.InstancedFoliageActor_UAID_1C1B0D0350476CBB01_1483494655
 |- Actor Package: /Game/__ExternalActors__/Maps/PrototypeMap/2/OL/1QXEX2EHKAO832OVGQ1VYK
 |- Actor Path: /Game/Maps/PrototypeMap.PrototypeMap:PersistentLevel.LandmassBrushManager_C_UAID_1C1B0D03504768BB01_1229054950
 |- Actor Package: /Game/__ExternalActors__/Maps/PrototypeMap/B/XL/WGPW748LTCDBLKPV3ZR7VB
 |- Actor Path: /Game/Maps/PrototypeMap.PrototypeMap:PersistentLevel.Landscape_CustomBrush_Landmass_C_0
 |- Actor Package: /Game/__ExternalActors__/Maps/PrototypeMap/C/XR/9HDGM21WESFBHIRP74AMJ8
 |- Actor Path: /Game/Maps/PrototypeMap.PrototypeMap:PersistentLevel.Landscape_CustomBrush_Landmass_C_3
 |- Actor Package: /Game/__ExternalActors__/Maps/PrototypeMap/1/H6/C4GLE6BXBUYKGH184PDD3G
 |- Actor Path: /Game/Maps/PrototypeMap.PrototypeMap:PersistentLevel.Landscape_UAID_1C1B0D03504765BB01_1415776412
 |- Actor Package: /Game/__ExternalActors__/Maps/PrototypeMap/7/8H/TZ3UYAUPG0E1I09SHHL9KQ
 |- Actor Path: /Game/Maps/PrototypeMap.PrototypeMap:PersistentLevel.LandscapeGizmoActiveActor_0
 |- Actor Package: /Game/Maps/PrototypeMap
 |- Actor Path: /Game/Maps/PrototypeMap.PrototypeMap:PersistentLevel.LandscapeStreamingProxy_BVT0EYS6489R0JQVV4DIVDQB9_126_0_0_0
 |- Actor Package: /Game/__ExternalActors__/Maps/PrototypeMap/0/T2/01SSV9DGVLMEX5JAJ8N8N1
 |- Actor Path: /Game/Maps/PrototypeMap.PrototypeMap:PersistentLevel.LandscapeStreamingProxy_BVT0EYS6489R0JQVV4DIVDQB9_126_0_1_0
 |- Actor Package: /Game/__ExternalActors__/Maps/PrototypeMap/3/76/O6PST6OD5364WA6LYKDWL9
 |- Actor Path: /Game/Maps/PrototypeMap.PrototypeMap:PersistentLevel.LandscapeStreamingProxy_BVT0EYS6489R0JQVV4DIVDQB9_126_1_0_0
 |- Actor Package: /Game/__ExternalActors__/Maps/PrototypeMap/3/Y2/TEL1HI5B9OX66LJ1NPUK6G
 |- Actor Path: /Game/Maps/PrototypeMap.PrototypeMap:PersistentLevel.LandscapeStreamingProxy_BVT0EYS6489R0JQVV4DIVDQB9_126_1_1_0
 |- Actor Package: /Game/__ExternalActors__/Maps/PrototypeMap/A/TE/CSDSAURLK0ZYBQQW2ULG7A
 |- Actor Path: /Game/Maps/PrototypeMap.PrototypeMap:PersistentLevel.LandscapeStreamingProxy_BVT0EYS6489R0JQVV4DIVDQB9_126_2_0_0
 |- Actor Package: /Game/__ExternalActors__/Maps/PrototypeMap/9/IW/Y75V9WM8R4NH1VE2GRT1KK
 |- Actor Path: /Game/Maps/PrototypeMap.PrototypeMap:PersistentLevel.LandscapeStreamingProxy_BVT0EYS6489R0JQVV4DIVDQB9_126_2_1_0
 |- Actor Package: /Game/__ExternalActors__/Maps/PrototypeMap/2/NF/Q33QFFUT9PFIR9VMD7Y67B
 |- Actor Path: /Game/Maps/PrototypeMap.PrototypeMap:PersistentLevel.LandscapeStreamingProxy_BVT0EYS6489R0JQVV4DIVDQB9_126_3_0_0
 |- Actor Package: /Game/__ExternalActors__/Maps/PrototypeMap/2/ES/LFZMOBZDHIWXGGL39J1374
 |- Actor Path: /Game/Maps/PrototypeMap.PrototypeMap:PersistentLevel.LandscapeStreamingProxy_BVT0EYS6489R0JQVV4DIVDQB9_126_3_1_0
 |- Actor Package: /Game/__ExternalActors__/Maps/PrototypeMap/E/7Y/YFUS1HYUTYF0PXH79E2FWJ
 |- Actor Path: /Game/Maps/PrototypeMap.PrototypeMap:PersistentLevel.PlayerStart_UAID_1C1B0D03504766BB01_1435290594
 |- Actor Package: /Game/__ExternalActors__/Maps/PrototypeMap/7/VI/463SCG15Q67A2SBZ0QGN9U
 |- Actor Path: /Game/Maps/PrototypeMap.PrototypeMap:PersistentLevel.SkeletalMeshActor_UAID_1C1B0D03504767BB01_1660002773
 |- Actor Package: /Game/__ExternalActors__/Maps/PrototypeMap/A/O2/VH4Q35CJUJAEBMSU3U7RDA
 |- Actor Path: /Game/Maps/PrototypeMap.PrototypeMap:PersistentLevel.SkyAtmosphere_UAID_1C1B0D03504765BB01_1990181416
 |- Actor Package: /Game/__ExternalActors__/Maps/PrototypeMap/2/N8/5I7791OC8MNTJ12S0Z5YXV
 |- Actor Path: /Game/Maps/PrototypeMap.PrototypeMap:PersistentLevel.SkyLight_UAID_1C1B0D03504765BB01_2106490417
 |- Actor Package: /Game/__ExternalActors__/Maps/PrototypeMap/1/AO/0O3X89UEHJFXTDM21L7VQL
 |- Actor Path: /Game/Maps/PrototypeMap.PrototypeMap:PersistentLevel.WorldDataLayers
 |- Actor Package: /Game/__ExternalActors__/Maps/PrototypeMap/6/IQ/3DOYOXBRVZU9LE3F3A87KF
 |- Actor Path: /Game/Maps/PrototypeMap.PrototypeMap:PersistentLevel.WorldPartitionMiniMap_UAID_1C1B0D03504765BB01_1357544411
 |- Actor Package: /Game/__ExternalActors__/Maps/PrototypeMap/7/OL/A8SDPB69XUB7RP3T1AO1NW
 |- Actor Path: /Game/Maps/PrototypeMap.PrototypeMap:PersistentLevel.WorldSettings
 |- Actor Package: /Game/Maps/PrototypeMap

----------------------------------------------------------------------------------------------------------------
PrototypeMap - Runtime Spatial Hash - Streaming Grid - MainGrid
----------------------------------------------------------------------------------------------------------------
            Origin: X=0.000 Y=0.000 Z=0.000
         Cell Size: 12800
      World Bounds: IsValid=true, Min=(X=-22000.000 Y=-12600.000 Z=-875.000), Max=(X=22100.000 Y=12600.000 Z=2525.781)
     Loading Range: 25600.00
Block Slow Loading: No
 ClientOnlyVisible: No
            Origin: X=0.000 Y=0.000 Z=0.000

[+] Grid Levels: 3
 |- Level  0: Cell Count    3 | Cell Size   12800 | Actor Count   11 (100.0%)
 |- Level  1: Cell Count    0 | Cell Size   25600 | Actor Count    0 (0.0%)
 |- Level  2: Cell Count    0 | Cell Size   51200 | Actor Count    0 (0.0%)

[+] Content of Grid Level 0
 |- [+] Content of Cell PrototypeMap_MainGrid_L0_X-1_Y0 (8ZZS65YK2WEFO0RKZ6131NEAK)
 |   |- Actor Count: 2
 |   |-          Actor Path: /Game/Maps/PrototypeMap.PrototypeMap:PersistentLevel.LandscapeStreamingProxy_BVT0EYS6489R0JQVV4DIVDQB9_126_0_0_0
 |   |-       Actor Package: /Game/__ExternalActors__/Maps/PrototypeMap/0/T2/01SSV9DGVLMEX5JAJ8N8N1
 |   |- Actor Instance Guid: 56D61F6045FDFA5326B01A91D3B7553F
 |   |-          Actor Path: /Game/Maps/PrototypeMap.PrototypeMap:PersistentLevel.LandscapeStreamingProxy_BVT0EYS6489R0JQVV4DIVDQB9_126_0_1_0
 |   |-       Actor Package: /Game/__ExternalActors__/Maps/PrototypeMap/3/76/O6PST6OD5364WA6LYKDWL9
 |   |- Actor Instance Guid: 7DC39FF144FBAE0759828D9127F89C4F
 |- [+] Content of Cell PrototypeMap_MainGrid_L0_X0_Y0 (9XMZ075TWQI3CA6SRNMR90I8M)
 |   |- Actor Count: 4
 |   |-          Actor Path: /Game/Maps/PrototypeMap.PrototypeMap:PersistentLevel.LandscapeStreamingProxy_BVT0EYS6489R0JQVV4DIVDQB9_126_1_0_0
 |   |-       Actor Package: /Game/__ExternalActors__/Maps/PrototypeMap/3/Y2/TEL1HI5B9OX66LJ1NPUK6G
 |   |- Actor Instance Guid: 0E64CCD14ACAA03F134B3C8B1ACD7428
 |   |-          Actor Path: /Game/Maps/PrototypeMap.PrototypeMap:PersistentLevel.LandscapeStreamingProxy_BVT0EYS6489R0JQVV4DIVDQB9_126_1_1_0
 |   |-       Actor Package: /Game/__ExternalActors__/Maps/PrototypeMap/A/TE/CSDSAURLK0ZYBQQW2ULG7A
 |   |- Actor Instance Guid: 380673CC4C6FABCD60C8DA993E0A0AEB
 |   |-          Actor Path: /Game/Maps/PrototypeMap.PrototypeMap:PersistentLevel.InstancedFoliageActor_UAID_1C1B0D0350476CBB01_1483494655
 |   |-       Actor Package: /Game/__ExternalActors__/Maps/PrototypeMap/2/OL/1QXEX2EHKAO832OVGQ1VYK
 |   |- Actor Instance Guid: B172A38A4EB26E128A5D23BA2A00462A
 |   |-          Actor Path: /Game/Maps/PrototypeMap.PrototypeMap:PersistentLevel.PostProcessVolume_UAID_1C1B0D03504765BB01_1805024415
 |   |-       Actor Package: /Game/__ExternalActors__/Maps/PrototypeMap/0/SI/7BFG2YNPQSPZJB25CRKKKM
 |   |- Actor Instance Guid: D69D9C5E4D4171E41619A9B9F791075D
 |- [+] Content of Cell PrototypeMap_MainGrid_L0_X1_Y0 (F4XOMGU7R41B4Q7MNW95XXND3)
 |   |- Actor Count: 5
 |   |-          Actor Path: /Game/Maps/PrototypeMap.PrototypeMap:PersistentLevel.SkeletalMeshActor_UAID_1C1B0D03504767BB01_1660002773
 |   |-       Actor Package: /Game/__ExternalActors__/Maps/PrototypeMap/A/O2/VH4Q35CJUJAEBMSU3U7RDA
 |   |- Actor Instance Guid: 0F62A5FC47F1B9D85A7510A2CD795F86
 |   |-          Actor Path: /Game/Maps/PrototypeMap.PrototypeMap:PersistentLevel.LandscapeStreamingProxy_BVT0EYS6489R0JQVV4DIVDQB9_126_3_0_0
 |   |-       Actor Package: /Game/__ExternalActors__/Maps/PrototypeMap/2/ES/LFZMOBZDHIWXGGL39J1374
 |   |- Actor Instance Guid: 5E45B7C143D64C0563B4E191919AE8E3
 |   |-          Actor Path: /Game/Maps/PrototypeMap.PrototypeMap:PersistentLevel.LandscapeStreamingProxy_BVT0EYS6489R0JQVV4DIVDQB9_126_2_0_0
 |   |-       Actor Package: /Game/__ExternalActors__/Maps/PrototypeMap/9/IW/Y75V9WM8R4NH1VE2GRT1KK
 |   |- Actor Instance Guid: 9FCF4C3B4CA0E26D20712DB1D567F5CE
 |   |-          Actor Path: /Game/Maps/PrototypeMap.PrototypeMap:PersistentLevel.LandscapeStreamingProxy_BVT0EYS6489R0JQVV4DIVDQB9_126_2_1_0
 |   |-       Actor Package: /Game/__ExternalActors__/Maps/PrototypeMap/2/NF/Q33QFFUT9PFIR9VMD7Y67B
 |   |- Actor Instance Guid: AC14756640CEB0E6B9F67FB6AA170D7F
 |   |-          Actor Path: /Game/Maps/PrototypeMap.PrototypeMap:PersistentLevel.LandscapeStreamingProxy_BVT0EYS6489R0JQVV4DIVDQB9_126_3_1_0
 |   |-       Actor Package: /Game/__ExternalActors__/Maps/PrototypeMap/E/7Y/YFUS1HYUTYF0PXH79E2FWJ
 |   |- Actor Instance Guid: FC4F4C85422A9B015C8CFAAAF1C0F6C6
[+] Content of Grid Level 1
[+] Content of Grid Level 2

